<?xml version="1.0" encoding="UTF-8"?>
<!-- Generated by org.testng.reporters.JUnitReportReporter -->
<testsuite hostname="SHASHANK-PC" failures="0" tests="3" name="TestLayer.Adminpagetest" time="14.569" errors="0" timestamp="2021-10-11T12:54:55 IST" skipped="0">
  <testcase classname="TestLayer.Adminpagetest" name="loginfuntion" time="6.958"/>
  <system-out/>
  <testcase classname="TestLayer.Adminpagetest" name="logoStatus" time="0.080"/>
  <system-out/>
  <testcase classname="TestLayer.Adminpagetest" name="adminpagefunction" time="7.531"/>
  <system-out/>
</testsuite> <!-- TestLayer.Adminpagetest -->
