<?xml version="1.0" encoding="UTF-8"?>
<!-- Generated by org.testng.reporters.JUnitReportReporter -->
<testsuite hostname="SHASHANK-PC" failures="0" tests="1" name="TestLayer.ExelReader" time="0.000" errors="0" timestamp="2021-10-20T12:47:54 IST" skipped="1">
  <testcase classname="TestLayer.ExelReader" name="setup" time="0.000">
    <skipped/>
  </testcase> <!-- setup -->
  <system-out/>
</testsuite> <!-- TestLayer.ExelReader -->
