<?xml version="1.0" encoding="UTF-8"?>
<!-- Generated by org.testng.reporters.JUnitReportReporter -->
<testsuite hostname="SHASHANK-PC" failures="0" tests="2" name="TestLayer.myinfopagetest" time="8.171" errors="0" timestamp="2021-10-11T12:09:34 IST" skipped="0">
  <testcase classname="TestLayer.myinfopagetest" name="loginpagefunctionality" time="3.398"/>
  <system-out/>
  <testcase classname="TestLayer.myinfopagetest" name="myinfofunctionality" time="4.773"/>
  <system-out/>
</testsuite> <!-- TestLayer.myinfopagetest -->
