<?xml version="1.0" encoding="UTF-8"?>
<!-- Generated by org.testng.reporters.JUnitReportReporter -->
<testsuite hostname="SHASHANK-PC" failures="0" tests="1" name="TestLayer.LoginPagetest" time="5.681" errors="0" timestamp="2021-10-11T13:23:21 IST" skipped="0">
  <testcase classname="TestLayer.LoginPagetest" name="LoginFunctionality" time="5.681"/>
  <system-out/>
</testsuite> <!-- TestLayer.LoginPagetest -->
