<?xml version="1.0" encoding="UTF-8"?>
<!-- Generated by org.testng.reporters.JUnitReportReporter -->
<testsuite hostname="SHASHANK-PC" failures="0" tests="2" name="TestLayer.Javascriptdemo" time="47.346" errors="0" timestamp="2021-10-12T14:16:59 IST" skipped="0">
  <testcase classname="TestLayer.Javascriptdemo" name="m1" time="19.536"/>
  <system-out/>
  <testcase classname="TestLayer.Javascriptdemo" name="m2" time="27.810"/>
  <system-out/>
</testsuite> <!-- TestLayer.Javascriptdemo -->
