<?xml version="1.0" encoding="UTF-8"?>
<!-- Generated by org.testng.reporters.JUnitReportReporter -->
<testsuite hostname="SHASHANK-PC" failures="0" tests="2" name="TestLayer.Javascriptdemo" time="29.113" errors="0" timestamp="2021-10-13T17:04:11 IST" skipped="0">
  <testcase classname="TestLayer.Javascriptdemo" name="m1" time="15.492"/>
  <system-out/>
  <testcase classname="TestLayer.Javascriptdemo" name="m2" time="13.621"/>
  <system-out/>
</testsuite> <!-- TestLayer.Javascriptdemo -->
