<?xml version="1.0" encoding="UTF-8"?>
<!-- Generated by org.testng.reporters.JUnitReportReporter -->
<testsuite hostname="SHASHANK-PC" failures="0" tests="1" name="TestLayer.LoginPagetest" time="9.759" errors="0" timestamp="2021-10-12T20:53:20 IST" skipped="0">
  <testcase classname="TestLayer.LoginPagetest" name="LoginFunctionality" time="9.759"/>
  <system-out/>
</testsuite> <!-- TestLayer.LoginPagetest -->
